<?xml version="1.0" encoding="UTF-8" standalone="no"?>
<!DOCTYPE log SYSTEM "logger.dtd">
<log>
<record>
  <date>2026-06-23T22:31:18.520004Z</date>
  <millis>1782253878520</millis>
  <nanos>4000</nanos>
  <sequence>4</sequence>
  <logger>COVID_LOGGER</logger>
  <level>INFO</level>
  <class>br.edu.unijui.logger.AppLogger</class>
  <method>init</method>
  <thread>29</thread>
  <message>Formato de saída configurado para texto simples</message>
</record>
jun. 23, 2026 7:31:18 PM br.edu.unijui.logger.AppLogger init
INFORMAÇÕES: Nivel de log configurado para: INFO
jun. 23, 2026 7:31:18 PM br.edu.unijui.logger.AppLogger init
INFORMAÇÕES: Sistema de logs inicializado com sucesso
jun. 23, 2026 7:31:18 PM br.edu.unijui.gui.MainFrame <init>
INFORMAÇÕES: Sistema iniciado com sucesso
jun. 23, 2026 7:31:20 PM br.edu.unijui.gui.MainFrame jbLoadXMLActionPerformed
INFORMAÇÕES: Carregando configurações do arquivo config.xml
jun. 23, 2026 7:31:20 PM br.edu.unijui.pcn.utils.XMLHandler readXmlFile
INFORMAÇÕES: Lendo arquivo XML: config.xml
jun. 23, 2026 7:31:20 PM br.edu.unijui.pcn.utils.XMLHandler readXmlFile
INFORMAÇÕES: Arquivo XML carregado com sucesso
jun. 23, 2026 7:31:20 PM br.edu.unijui.pcn.utils.XMLHandler getXMLValue
INFORMAÇÕES: Buscando valor XPath: /config/database/@host-name
jun. 23, 2026 7:31:20 PM br.edu.unijui.pcn.utils.XMLHandler getXPathExpression
INFORMAÇÕES: Compilando expressão XPath: /config/database/@host-name
jun. 23, 2026 7:31:20 PM br.edu.unijui.pcn.utils.XMLHandler getXPathExpression
INFORMAÇÕES: Expressão XPath compilada com sucesso
jun. 23, 2026 7:31:20 PM br.edu.unijui.pcn.utils.XMLHandler getXMLValue
INFORMAÇÕES: Consulta XPath executada com sucesso
jun. 23, 2026 7:31:21 PM br.edu.unijui.pcn.utils.XMLHandler getXMLValue
INFORMAÇÕES: Buscando valor XPath: /config/database/@port
jun. 23, 2026 7:31:21 PM br.edu.unijui.pcn.utils.XMLHandler getXPathExpression
INFORMAÇÕES: Compilando expressão XPath: /config/database/@port
jun. 23, 2026 7:31:21 PM br.edu.unijui.pcn.utils.XMLHandler getXPathExpression
INFORMAÇÕES: Expressão XPath compilada com sucesso
jun. 23, 2026 7:31:21 PM br.edu.unijui.pcn.utils.XMLHandler getXMLValue
INFORMAÇÕES: Consulta XPath executada com sucesso
jun. 23, 2026 7:31:21 PM br.edu.unijui.pcn.utils.XMLHandler getXMLValue
INFORMAÇÕES: Buscando valor XPath: /config/database/@db-name
jun. 23, 2026 7:31:21 PM br.edu.unijui.pcn.utils.XMLHandler getXPathExpression
INFORMAÇÕES: Compilando expressão XPath: /config/database/@db-name
jun. 23, 2026 7:31:21 PM br.edu.unijui.pcn.utils.XMLHandler getXPathExpression
INFORMAÇÕES: Expressão XPath compilada com sucesso
jun. 23, 2026 7:31:21 PM br.edu.unijui.pcn.utils.XMLHandler getXMLValue
INFORMAÇÕES: Consulta XPath executada com sucesso
jun. 23, 2026 7:31:21 PM br.edu.unijui.pcn.utils.XMLHandler getXMLValue
INFORMAÇÕES: Buscando valor XPath: /config/database/@username
jun. 23, 2026 7:31:21 PM br.edu.unijui.pcn.utils.XMLHandler getXPathExpression
INFORMAÇÕES: Compilando expressão XPath: /config/database/@username
jun. 23, 2026 7:31:21 PM br.edu.unijui.pcn.utils.XMLHandler getXPathExpression
INFORMAÇÕES: Expressão XPath compilada com sucesso
jun. 23, 2026 7:31:21 PM br.edu.unijui.pcn.utils.XMLHandler getXMLValue
INFORMAÇÕES: Consulta XPath executada com sucesso
jun. 23, 2026 7:31:21 PM br.edu.unijui.pcn.utils.XMLHandler getXMLValue
INFORMAÇÕES: Buscando valor XPath: /config/database/@password
jun. 23, 2026 7:31:21 PM br.edu.unijui.pcn.utils.XMLHandler getXPathExpression
INFORMAÇÕES: Compilando expressão XPath: /config/database/@password
jun. 23, 2026 7:31:21 PM br.edu.unijui.pcn.utils.XMLHandler getXPathExpression
INFORMAÇÕES: Expressão XPath compilada com sucesso
jun. 23, 2026 7:31:21 PM br.edu.unijui.pcn.utils.XMLHandler getXMLValue
INFORMAÇÕES: Consulta XPath executada com sucesso
jun. 23, 2026 7:31:21 PM br.edu.unijui.pcn.utils.XMLHandler getXMLValue
INFORMAÇÕES: Buscando valor XPath: /config/database/@enable-transactions
jun. 23, 2026 7:31:21 PM br.edu.unijui.pcn.utils.XMLHandler getXPathExpression
INFORMAÇÕES: Compilando expressão XPath: /config/database/@enable-transactions
jun. 23, 2026 7:31:21 PM br.edu.unijui.pcn.utils.XMLHandler getXPathExpression
INFORMAÇÕES: Expressão XPath compilada com sucesso
jun. 23, 2026 7:31:21 PM br.edu.unijui.pcn.utils.XMLHandler getXMLValue
INFORMAÇÕES: Consulta XPath executada com sucesso
jun. 23, 2026 7:31:22 PM br.edu.unijui.gui.MainFrame jbLoadXMLActionPerformed
INFORMAÇÕES: Configurações carregadas com sucesso
jun. 23, 2026 7:31:30 PM br.edu.unijui.gui.MainFrame jbFindIsolationIndexActionPerformed
INFORMAÇÕES: Consultando indices para: Goiás (GO)
jun. 23, 2026 7:31:30 PM br.edu.unijui.gui.MainFrame jbFindIsolationIndexActionPerformed
INFORMAÇÕES: Consulta realizada com sucesso
jun. 23, 2026 7:31:30 PM br.edu.unijui.pcn.logic.DBManager findTheHighest
INFORMAÇÕES: Buscando maior indice de isolamento para: Goiás (GO)
jun. 23, 2026 7:31:30 PM br.edu.unijui.pcn.logic.DBManager findTheLowest
INFORMAÇÕES: Buscando menor Indice de isolamento para: Goiás (GO)
jun. 23, 2026 7:31:30 PM br.edu.unijui.pcn.logic.DBManager openConnection
ADVERTÊNCIA: Driver Derby não carregado explicitamente. Tentando conexão via DriverManager.
jun. 23, 2026 7:31:30 PM br.edu.unijui.pcn.logic.DBManager openConnection
INFORMAÇÕES: Abrindo conexão com o banco de dados
jun. 23, 2026 7:31:30 PM br.edu.unijui.pcn.logic.DBManager openConnection
ADVERTÊNCIA: Driver Derby não carregado explicitamente. Tentando conexão via DriverManager.
jun. 23, 2026 7:31:30 PM br.edu.unijui.pcn.logic.DBManager openConnection
INFORMAÇÕES: Abrindo conexão com o banco de dados
jun. 23, 2026 7:31:31 PM br.edu.unijui.pcn.logic.DBManager findTheHighest
INFORMAÇÕES: Maior Indice encontrado para Goiás (GO)
jun. 23, 2026 7:31:31 PM br.edu.unijui.pcn.logic.DBManager findTheLowest
INFORMAÇÕES: Menor Indice encontrado para Goiás (GO)
jun. 23, 2026 7:31:38 PM br.edu.unijui.gui.MainFrame jbExportActionPerformed
INFORMAÇÕES: Iniciando exportação para XML
jun. 23, 2026 7:31:38 PM br.edu.unijui.pcn.logic.XMLTransformer export
INFORMAÇÕES: Iniciando exportação dos registros para XML.
jun. 23, 2026 7:31:38 PM br.edu.unijui.pcn.logic.DBManager getAllRecords
INFORMAÇÕES: Iniciando recuperação de registros do banco
jun. 23, 2026 7:31:38 PM br.edu.unijui.pcn.logic.DBManager openConnection
ADVERTÊNCIA: Driver Derby não carregado explicitamente. Tentando conexão via DriverManager.
jun. 23, 2026 7:31:38 PM br.edu.unijui.pcn.logic.DBManager openConnection
INFORMAÇÕES: Abrindo conexão com o banco de dados
jun. 23, 2026 7:31:39 PM br.edu.unijui.pcn.logic.DBManager getAllRecords
INFORMAÇÕES: Total de registros recuperados: 37.052
jun. 23, 2026 7:31:39 PM br.edu.unijui.pcn.logic.XMLTransformer export
INFORMAÇÕES: Quantidade de registros recuperados: 37052
jun. 23, 2026 7:31:39 PM br.edu.unijui.pcn.utils.XMLHandler newDocument
INFORMAÇÕES: Criando novo documento XML
jun. 23, 2026 7:31:39 PM br.edu.unijui.pcn.utils.XMLHandler newDocument
INFORMAÇÕES: Documento XML criado com sucesso
jun. 23, 2026 7:31:39 PM br.edu.unijui.pcn.logic.XMLTransformer export
INFORMAÇÕES: Documento XML criado em memória
jun. 23, 2026 7:31:39 PM br.edu.unijui.pcn.logic.XMLTransformer export
INFORMAÇÕES: Gravando arquivo XML: goias.xml
jun. 23, 2026 7:31:39 PM br.edu.unijui.pcn.utils.XMLHandler writeXmlFile
INFORMAÇÕES: Iniciando gravação do arquivo XML: goias.xml
jun. 23, 2026 7:31:39 PM br.edu.unijui.pcn.logic.XMLTransformer export
INFORMAÇÕES: Arquivo XML gerado com sucesso.
jun. 23, 2026 7:31:41 PM br.edu.unijui.gui.MainFrame jbExportActionPerformed
INFORMAÇÕES: Arquivo XML exportado com sucesso
jun. 23, 2026 7:31:46 PM br.edu.unijui.gui.MainFrame jbExitActionPerformed
INFORMAÇÕES: Solicitação de encerramento da aplicação
jun. 23, 2026 7:31:47 PM br.edu.unijui.gui.MainFrame jbExitActionPerformed
INFORMAÇÕES: Configurações carregadas com sucesso
<?xml version="1.0" encoding="UTF-8" standalone="no"?>
<!DOCTYPE log SYSTEM "logger.dtd">
<log>
<record>
  <date>2026-06-23T23:11:13.774341Z</date>
  <millis>1782256273774</millis>
  <nanos>341000</nanos>
  <sequence>4</sequence>
  <logger>COVID_LOGGER</logger>
  <level>INFO</level>
  <class>br.edu.unijui.logger.AppLogger</class>
  <method>init</method>
  <thread>31</thread>
  <message>Formato de saída configurado para texto simples</message>
</record>
jun. 23, 2026 8:11:13 PM br.edu.unijui.logger.AppLogger init
INFORMAÇÕES: Nivel de log configurado para: INFO
jun. 23, 2026 8:11:13 PM br.edu.unijui.logger.AppLogger init
INFORMAÇÕES: Sistema de logs inicializado com sucesso
jun. 23, 2026 8:11:13 PM br.edu.unijui.gui.MainFrame <init>
INFORMAÇÕES: Sistema iniciado com sucesso
jun. 23, 2026 8:11:16 PM br.edu.unijui.gui.MainFrame jbLoadXMLActionPerformed
INFORMAÇÕES: Carregando configurações do arquivo config.xml
jun. 23, 2026 8:11:16 PM br.edu.unijui.pcn.utils.XMLHandler readXmlFile
INFORMAÇÕES: Lendo arquivo XML: config.xml
jun. 23, 2026 8:11:16 PM br.edu.unijui.pcn.utils.XMLHandler readXmlFile
INFORMAÇÕES: Arquivo XML carregado com sucesso
jun. 23, 2026 8:11:17 PM br.edu.unijui.pcn.utils.XMLHandler getXMLValue
INFORMAÇÕES: Buscando valor XPath: /config/database/@host-name
jun. 23, 2026 8:11:17 PM br.edu.unijui.pcn.utils.XMLHandler getXPathExpression
INFORMAÇÕES: Compilando expressão XPath: /config/database/@host-name
jun. 23, 2026 8:11:17 PM br.edu.unijui.pcn.utils.XMLHandler getXPathExpression
INFORMAÇÕES: Expressão XPath compilada com sucesso
jun. 23, 2026 8:11:17 PM br.edu.unijui.pcn.utils.XMLHandler getXMLValue
INFORMAÇÕES: Consulta XPath executada com sucesso
jun. 23, 2026 8:11:17 PM br.edu.unijui.pcn.utils.XMLHandler getXMLValue
INFORMAÇÕES: Buscando valor XPath: /config/database/@port
jun. 23, 2026 8:11:17 PM br.edu.unijui.pcn.utils.XMLHandler getXPathExpression
INFORMAÇÕES: Compilando expressão XPath: /config/database/@port
jun. 23, 2026 8:11:17 PM br.edu.unijui.pcn.utils.XMLHandler getXPathExpression
INFORMAÇÕES: Expressão XPath compilada com sucesso
jun. 23, 2026 8:11:17 PM br.edu.unijui.pcn.utils.XMLHandler getXMLValue
INFORMAÇÕES: Consulta XPath executada com sucesso
jun. 23, 2026 8:11:17 PM br.edu.unijui.pcn.utils.XMLHandler getXMLValue
INFORMAÇÕES: Buscando valor XPath: /config/database/@db-name
jun. 23, 2026 8:11:17 PM br.edu.unijui.pcn.utils.XMLHandler getXPathExpression
INFORMAÇÕES: Compilando expressão XPath: /config/database/@db-name
jun. 23, 2026 8:11:17 PM br.edu.unijui.pcn.utils.XMLHandler getXPathExpression
INFORMAÇÕES: Expressão XPath compilada com sucesso
jun. 23, 2026 8:11:17 PM br.edu.unijui.pcn.utils.XMLHandler getXMLValue
INFORMAÇÕES: Consulta XPath executada com sucesso
jun. 23, 2026 8:11:17 PM br.edu.unijui.pcn.utils.XMLHandler getXMLValue
INFORMAÇÕES: Buscando valor XPath: /config/database/@username
jun. 23, 2026 8:11:17 PM br.edu.unijui.pcn.utils.XMLHandler getXPathExpression
INFORMAÇÕES: Compilando expressão XPath: /config/database/@username
jun. 23, 2026 8:11:17 PM br.edu.unijui.pcn.utils.XMLHandler getXPathExpression
INFORMAÇÕES: Expressão XPath compilada com sucesso
jun. 23, 2026 8:11:17 PM br.edu.unijui.pcn.utils.XMLHandler getXMLValue
INFORMAÇÕES: Consulta XPath executada com sucesso
jun. 23, 2026 8:11:17 PM br.edu.unijui.pcn.utils.XMLHandler getXMLValue
INFORMAÇÕES: Buscando valor XPath: /config/database/@password
jun. 23, 2026 8:11:17 PM br.edu.unijui.pcn.utils.XMLHandler getXPathExpression
INFORMAÇÕES: Compilando expressão XPath: /config/database/@password
jun. 23, 2026 8:11:17 PM br.edu.unijui.pcn.utils.XMLHandler getXPathExpression
INFORMAÇÕES: Expressão XPath compilada com sucesso
jun. 23, 2026 8:11:17 PM br.edu.unijui.pcn.utils.XMLHandler getXMLValue
INFORMAÇÕES: Consulta XPath executada com sucesso
jun. 23, 2026 8:11:17 PM br.edu.unijui.pcn.utils.XMLHandler getXMLValue
INFORMAÇÕES: Buscando valor XPath: /config/database/@enable-transactions
jun. 23, 2026 8:11:17 PM br.edu.unijui.pcn.utils.XMLHandler getXPathExpression
INFORMAÇÕES: Compilando expressão XPath: /config/database/@enable-transactions
jun. 23, 2026 8:11:17 PM br.edu.unijui.pcn.utils.XMLHandler getXPathExpression
INFORMAÇÕES: Expressão XPath compilada com sucesso
jun. 23, 2026 8:11:17 PM br.edu.unijui.pcn.utils.XMLHandler getXMLValue
INFORMAÇÕES: Consulta XPath executada com sucesso
jun. 23, 2026 8:11:18 PM br.edu.unijui.gui.MainFrame jbLoadXMLActionPerformed
INFORMAÇÕES: Configurações carregadas com sucesso
jun. 23, 2026 8:11:38 PM br.edu.unijui.pcn.logic.IsolationCSVImporter load
INFORMAÇÕES: Iniciando importacao de 3 arquivo(s).
jun. 23, 2026 8:11:38 PM br.edu.unijui.pcn.logic.IsolationCSVImporter load
INFORMAÇÕES: Pool de threads criado com 12 threads
jun. 23, 2026 8:11:38 PM br.edu.unijui.pcn.logic.IsolationCSVImporter load
INFORMAÇÕES: Arquivo enviado para processamento: maranhao.csv
jun. 23, 2026 8:11:38 PM br.edu.unijui.pcn.logic.IsolationCSVImporter load
INFORMAÇÕES: Arquivo enviado para processamento: mato-grosso-do-sul.csv
jun. 23, 2026 8:11:38 PM br.edu.unijui.pcn.logic.IsolationCSVImporter parseFile
INFORMAÇÕES: Iniciando leitura dos arquivos
jun. 23, 2026 8:11:38 PM br.edu.unijui.pcn.logic.IsolationCSVImporter load
INFORMAÇÕES: Arquivo enviado para processamento: mato-grosso.csv
jun. 23, 2026 8:11:38 PM br.edu.unijui.pcn.logic.IsolationCSVImporter parseFile
INFORMAÇÕES: Iniciando leitura dos arquivos
jun. 23, 2026 8:11:38 PM br.edu.unijui.pcn.logic.IsolationCSVImporter parseFile
INFORMAÇÕES: Iniciando leitura dos arquivos
jun. 23, 2026 8:11:38 PM br.edu.unijui.pcn.logic.IsolationCSVImporter parseFile
INFORMAÇÕES: Leitura concluida para o arquivo: mato-grosso-do-sul.csv
jun. 23, 2026 8:11:38 PM br.edu.unijui.pcn.logic.IsolationCSVImporter parseFile
INFORMAÇÕES: Leitura concluida para o arquivo: mato-grosso.csv
jun. 23, 2026 8:11:38 PM br.edu.unijui.pcn.logic.IsolationCSVImporter parseFile
INFORMAÇÕES: Leitura concluida para o arquivo: maranhao.csv
jun. 23, 2026 8:11:38 PM br.edu.unijui.gui.MainFrame jbInputFileButtonActionPerformed
INFORMAÇÕES: Usuario selecionou 3 arquivo(s) CSV
jun. 23, 2026 8:11:41 PM br.edu.unijui.gui.MainFrame jbExitActionPerformed
INFORMAÇÕES: Solicitação de encerramento da aplicação
jun. 23, 2026 8:11:42 PM br.edu.unijui.gui.MainFrame jbExitActionPerformed
INFORMAÇÕES: Configurações carregadas com sucesso
